started at Sat Jun 26 20:11:20 MDT 2021
/tmp/4517238.1.jathar.q:/home/students/yicongh/Programs/anaconda3/bin:/home/students/yicongh/Programs/anaconda3/condabin:/home/students/alia/intel/compilers_and_libraries_2019.2.187/linux/bin/intel64:/home/students/alia/intel/compilers_and_libraries_2019.2.187/linux/mpi/intel64/libfabric/bin:/home/students/alia/intel/compilers_and_libraries_2019.2.187/linux/mpi/intel64/bin:/home/students/alia/intel/debugger_2019/gdb/intel64/bin:/home/students/yicongh/Programs/BOXMOX//bin:/home/students/yicongh/Programs/BOXMOX//boxmox/bin:/usr/local/emacs-26.1/bin:/usr/local/gcc-6.3.0/bin:/usr/local/openmpi/1.6.4/x86_64/ib/gnu/bin:/usr/local/Modules/3.2.10/bin:/usr/local/11.06.011-R8/STAR-View+11.06.011/bin:/usr/local/11.06.011-R8/STAR-CCM+11.06.011-R8/star/bin:/usr/local/univa/8.5.5/bin/lx-amd64:/usr/lib64/qt-3.3/bin:/usr/local/bin:/bin:/usr/bin:/usr/local/sbin:/usr/sbin:/sbin:/home/students/yicongh/bin
gfortran -Jobjects/ -c -fcray-pointer -O3 source_ftn/modules/mod.som.f90 -o objects/mod.som.o
gfortran -Jobjects/ -c -fcray-pointer -O3 source_ftn/modules/mod.tomas.f90 -o objects/mod.tomas.o
gfortran -Iobjects/ -Jobjects/ -c -fcray-pointer -O3 source_ftn/modules/mod.invars.f90 -o objects/mod.invars.o
gfortran -Jobjects/ -c -fcray-pointer -O3 source_ftn/modules/mod.ofiles.f90 -o objects/mod.ofiles.o
gfortran -Iobjects/ -Jobjects/ -c -fcray-pointer -O3 source_ftn/modules/mod.main.f90 -o objects/mod.main.o
gfortran -Iobjects/ -c -fcray-pointer -O3 source_ftn/main.f90 -o objects/main.o
gfortran -Iobjects/ -c -fcray-pointer -O3 source_ftn/subroutines/r_init_pphase.f90 -o objects/r_init_pphase.o
gfortran -Iobjects/ -c -fcray-pointer -O3 source_ftn/subroutines/r_step_wallloss.f90 -o objects/r_step_wallloss.o
gfortran -Iobjects/ -c -fcray-pointer -O3 source_ftn/subroutines/r_read_inputs.f90 -o objects/r_read_inputs.o
gfortran -Iobjects/ -c -fcray-pointer -O3 source_ftn/subroutines/r_init_outfiles.f90 -o objects/r_init_outfiles.o
gfortran -Iobjects/ -c -fcray-pointer -O3 source_ftn/subroutines/r_step_gaschem.f90 -o objects/r_step_gaschem.o
gfortran -Iobjects/ -c -fcray-pointer -O3 source_ftn/subroutines/r_step_hetchem.f -o objects/r_step_hetchem.o
gfortran -Iobjects/ -c -fcray-pointer -O3 source_ftn/subroutines/r_step_autoox.f90 -o objects/r_step_autoox.o
gfortran -Iobjects/ -c -fcray-pointer -O3 source_ftn/subroutines/r_step_aerochem.f -o objects/r_step_aerochem.o
gfortran -Iobjects/ -c -fcray-pointer -O3 source_ftn/subroutines/r_solve_cond.f -o objects/r_solve_cond.o
gfortran -Iobjects/ -c -fcray-pointer -O3 source_ftn/subroutines/r_step_coag.f90 -o objects/r_step_coag.o
gfortran -Iobjects/ -c -fcray-pointer -O3 source_ftn/subroutines/r_step_nucl.f90 -o objects/r_step_nucl.o
gfortran -Iobjects/ -c -fcray-pointer -O3 source_ftn/subroutines/r_step_soacond.f -o objects/r_step_soacond.o
gfortran -Iobjects/ -c -fcray-pointer -O3 source_ftn/subroutines/r_write_outputs.f90 -o objects/r_write_outputs.o
gfortran -Iobjects/ -c -fcray-pointer -O3 source_ftn/subroutines/r_fix_mn.f -o objects/r_fix_mn.o
gfortran -Iobjects/ -c -fcray-pointer -O3 source_ftn/subroutines/r_init_gphase.f90 -o objects/r_init_gphase.o
gfortran -c -fcray-pointer -O3 source_ftn/functions/f_get_len.f -o objects/f_get_len.o
gfortran -c -fcray-pointer -O3 source_ftn/functions/f_calc_pwl.f -o objects/f_calc_pwl.o
gfortran -c -fcray-pointer -O3 source_ftn/functions/f_calc_dmdt.f -o objects/f_calc_dmdt.o
gfortran -c -fcray-pointer -O3 source_ftn/functions/f_calc_aedens.f -o objects/f_calc_aedens.o
gfortran -c -fcray-pointer -O3 source_ftn/functions/f_get_max.f -o objects/f_get_max.o
gfortran -Iobjects/ -c -fcray-pointer -O3 source_ftn/functions/f_calc_db.f -o objects/f_calc_db.o
gfortran -c -fcray-pointer -O3 source_ftn/functions/f_calc_kpar.f -o objects/f_calc_kpar.o
gfortran -c -fcray-pointer -O3 source_ftn/functions/f_calc_qbulk.f -o objects/f_calc_qbulk.o
gfortran -Iobjects/ -c -fcray-pointer -O3 source_ftn/functions/f_calc_jnuc.f90 -o objects/f_calc_jnuc.o
g++ -std=c++11 -c source_cpp/main/main.cpp -o objects/gas_het_chem.o
gfortran -fbounds-check -Wall -lstdc++ -g -o  box.exe objects/mod.som.o objects/mod.tomas.o objects/mod.invars.o objects/mod.ofiles.o objects/mod.main.o objects/main.o objects/r_init_pphase.o objects/r_step_wallloss.o objects/r_read_inputs.o objects/r_init_outfiles.o objects/r_step_gaschem.o objects/r_step_hetchem.o objects/r_step_autoox.o objects/r_step_aerochem.o objects/r_solve_cond.o objects/r_step_coag.o objects/r_step_nucl.o objects/r_step_soacond.o objects/r_write_outputs.o objects/r_fix_mn.o objects/r_init_gphase.o objects/f_get_len.o objects/f_calc_pwl.o objects/f_calc_dmdt.o objects/f_calc_aedens.o objects/f_get_max.o objects/f_calc_db.o objects/f_calc_kpar.o objects/f_calc_qbulk.o objects/f_calc_jnuc.o objects/gas_het_chem.o 
time =         0.0
time =         1.0
time =         2.0
time =         3.0
time =         4.0
time =         5.0
time =         6.0
time =         7.0
time =         8.0
time =         9.0
time =        10.0
time =        11.0
time =        12.0
time =        13.0
time =        14.0
time =        15.0
time =        16.0
time =        17.0
time =        18.0
time =        19.0
time =        20.0
time =        21.0
time =        22.0
time =        23.0
time =        24.0
time =        25.0
time =        26.0
time =        27.0
time =        28.0
time =        29.0
time =        30.0
time =        31.0
time =        32.0
time =        33.0
time =        34.0
time =        35.0
time =        36.0
time =        37.0
time =        38.0
time =        39.0
time =        40.0
time =        41.0
time =        42.0
time =        43.0
time =        44.0
time =        45.0
time =        46.0
time =        47.0
time =        48.0
time =        49.0
time =        50.0
time =        51.0
time =        52.0
time =        53.0
time =        54.0
time =        55.0
time =        56.0
time =        57.0
time =        58.0
time =        59.0
time =        60.0
time =        61.0
time =        62.0
time =        63.0
time =        64.0
time =        65.0
time =        66.0
time =        67.0
time =        68.0
time =        69.0
time =        70.0
time =        71.0
time =        72.0
time =        73.0
time =        74.0
time =        75.0
time =        76.0
time =        77.0
time =        78.0
time =        79.0
time =        80.0
time =        81.0
time =        82.0
time =        83.0
time =        84.0
time =        85.0
time =        86.0
time =        87.0
time =        88.0
time =        89.0
time =        90.0
time =        91.0
time =        92.0
time =        93.0
time =        94.0
time =        95.0
time =        96.0
time =        97.0
time =        98.0
time =        99.0
 FINISHED
ended at Sat Jun 26 20:12:05 MDT 2021
started at Sat Jun 26 20:14:06 MDT 2021
/tmp/4517245.1.jathar.q:/home/students/yicongh/Programs/anaconda3/bin:/home/students/yicongh/Programs/anaconda3/condabin:/home/students/alia/intel/compilers_and_libraries_2019.2.187/linux/bin/intel64:/home/students/alia/intel/compilers_and_libraries_2019.2.187/linux/mpi/intel64/libfabric/bin:/home/students/alia/intel/compilers_and_libraries_2019.2.187/linux/mpi/intel64/bin:/home/students/alia/intel/debugger_2019/gdb/intel64/bin:/home/students/yicongh/Programs/BOXMOX//bin:/home/students/yicongh/Programs/BOXMOX//boxmox/bin:/usr/local/emacs-26.1/bin:/usr/local/gcc-6.3.0/bin:/usr/local/openmpi/1.6.4/x86_64/ib/gnu/bin:/usr/local/Modules/3.2.10/bin:/usr/local/11.06.011-R8/STAR-View+11.06.011/bin:/usr/local/11.06.011-R8/STAR-CCM+11.06.011-R8/star/bin:/usr/local/univa/8.5.5/bin/lx-amd64:/usr/lib64/qt-3.3/bin:/usr/local/bin:/bin:/usr/bin:/usr/local/sbin:/usr/sbin:/sbin:/home/students/yicongh/bin
gfortran -Jobjects/ -c -fcray-pointer -O3 source_ftn/modules/mod.som.f90 -o objects/mod.som.o
gfortran -Jobjects/ -c -fcray-pointer -O3 source_ftn/modules/mod.tomas.f90 -o objects/mod.tomas.o
gfortran -Iobjects/ -Jobjects/ -c -fcray-pointer -O3 source_ftn/modules/mod.invars.f90 -o objects/mod.invars.o
gfortran -Jobjects/ -c -fcray-pointer -O3 source_ftn/modules/mod.ofiles.f90 -o objects/mod.ofiles.o
gfortran -Iobjects/ -Jobjects/ -c -fcray-pointer -O3 source_ftn/modules/mod.main.f90 -o objects/mod.main.o
gfortran -Iobjects/ -c -fcray-pointer -O3 source_ftn/main.f90 -o objects/main.o
gfortran -Iobjects/ -c -fcray-pointer -O3 source_ftn/subroutines/r_init_pphase.f90 -o objects/r_init_pphase.o
gfortran -Iobjects/ -c -fcray-pointer -O3 source_ftn/subroutines/r_step_wallloss.f90 -o objects/r_step_wallloss.o
gfortran -Iobjects/ -c -fcray-pointer -O3 source_ftn/subroutines/r_read_inputs.f90 -o objects/r_read_inputs.o
gfortran -Iobjects/ -c -fcray-pointer -O3 source_ftn/subroutines/r_init_outfiles.f90 -o objects/r_init_outfiles.o
gfortran -Iobjects/ -c -fcray-pointer -O3 source_ftn/subroutines/r_step_gaschem.f90 -o objects/r_step_gaschem.o
gfortran -Iobjects/ -c -fcray-pointer -O3 source_ftn/subroutines/r_step_hetchem.f -o objects/r_step_hetchem.o
gfortran -Iobjects/ -c -fcray-pointer -O3 source_ftn/subroutines/r_step_autoox.f90 -o objects/r_step_autoox.o
gfortran -Iobjects/ -c -fcray-pointer -O3 source_ftn/subroutines/r_step_aerochem.f -o objects/r_step_aerochem.o
gfortran -Iobjects/ -c -fcray-pointer -O3 source_ftn/subroutines/r_solve_cond.f -o objects/r_solve_cond.o
gfortran -Iobjects/ -c -fcray-pointer -O3 source_ftn/subroutines/r_step_coag.f90 -o objects/r_step_coag.o
gfortran -Iobjects/ -c -fcray-pointer -O3 source_ftn/subroutines/r_step_nucl.f90 -o objects/r_step_nucl.o
gfortran -Iobjects/ -c -fcray-pointer -O3 source_ftn/subroutines/r_step_soacond.f -o objects/r_step_soacond.o
gfortran -Iobjects/ -c -fcray-pointer -O3 source_ftn/subroutines/r_write_outputs.f90 -o objects/r_write_outputs.o
gfortran -Iobjects/ -c -fcray-pointer -O3 source_ftn/subroutines/r_fix_mn.f -o objects/r_fix_mn.o
gfortran -Iobjects/ -c -fcray-pointer -O3 source_ftn/subroutines/r_init_gphase.f90 -o objects/r_init_gphase.o
gfortran -c -fcray-pointer -O3 source_ftn/functions/f_get_len.f -o objects/f_get_len.o
gfortran -c -fcray-pointer -O3 source_ftn/functions/f_calc_pwl.f -o objects/f_calc_pwl.o
gfortran -c -fcray-pointer -O3 source_ftn/functions/f_calc_dmdt.f -o objects/f_calc_dmdt.o
gfortran -c -fcray-pointer -O3 source_ftn/functions/f_calc_aedens.f -o objects/f_calc_aedens.o
gfortran -c -fcray-pointer -O3 source_ftn/functions/f_get_max.f -o objects/f_get_max.o
gfortran -Iobjects/ -c -fcray-pointer -O3 source_ftn/functions/f_calc_db.f -o objects/f_calc_db.o
gfortran -c -fcray-pointer -O3 source_ftn/functions/f_calc_kpar.f -o objects/f_calc_kpar.o
gfortran -c -fcray-pointer -O3 source_ftn/functions/f_calc_qbulk.f -o objects/f_calc_qbulk.o
gfortran -Iobjects/ -c -fcray-pointer -O3 source_ftn/functions/f_calc_jnuc.f90 -o objects/f_calc_jnuc.o
g++ -std=c++11 -c source_cpp/main/main.cpp -o objects/gas_het_chem.o
gfortran -fbounds-check -Wall -lstdc++ -g -o  box.exe objects/mod.som.o objects/mod.tomas.o objects/mod.invars.o objects/mod.ofiles.o objects/mod.main.o objects/main.o objects/r_init_pphase.o objects/r_step_wallloss.o objects/r_read_inputs.o objects/r_init_outfiles.o objects/r_step_gaschem.o objects/r_step_hetchem.o objects/r_step_autoox.o objects/r_step_aerochem.o objects/r_solve_cond.o objects/r_step_coag.o objects/r_step_nucl.o objects/r_step_soacond.o objects/r_write_outputs.o objects/r_fix_mn.o objects/r_init_gphase.o objects/f_get_len.o objects/f_calc_pwl.o objects/f_calc_dmdt.o objects/f_calc_aedens.o objects/f_get_max.o objects/f_calc_db.o objects/f_calc_kpar.o objects/f_calc_qbulk.o objects/f_calc_jnuc.o objects/gas_het_chem.o 
time =         0.0
time =         1.0
time =         2.0
time =         3.0
time =         4.0
time =         5.0
time =         6.0
time =         7.0
time =         8.0
time =         9.0
time =        10.0
time =        11.0
time =        12.0
time =        13.0
time =        14.0
time =        15.0
time =        16.0
time =        17.0
time =        18.0
time =        19.0
time =        20.0
time =        21.0
time =        22.0
time =        23.0
time =        24.0
time =        25.0
time =        26.0
time =        27.0
time =        28.0
time =        29.0
time =        30.0
time =        31.0
time =        32.0
time =        33.0
time =        34.0
time =        35.0
time =        36.0
time =        37.0
time =        38.0
time =        39.0
time =        40.0
time =        41.0
time =        42.0
time =        43.0
time =        44.0
time =        45.0
time =        46.0
time =        47.0
time =        48.0
time =        49.0
time =        50.0
time =        51.0
time =        52.0
time =        53.0
time =        54.0
time =        55.0
time =        56.0
time =        57.0
time =        58.0
time =        59.0
time =        60.0
time =        61.0
time =        62.0
time =        63.0
time =        64.0
time =        65.0
time =        66.0
time =        67.0
time =        68.0
time =        69.0
time =        70.0
time =        71.0
time =        72.0
time =        73.0
time =        74.0
time =        75.0
time =        76.0
time =        77.0
time =        78.0
time =        79.0
time =        80.0
time =        81.0
time =        82.0
time =        83.0
time =        84.0
time =        85.0
time =        86.0
time =        87.0
time =        88.0
time =        89.0
time =        90.0
time =        91.0
time =        92.0
time =        93.0
time =        94.0
time =        95.0
time =        96.0
time =        97.0
time =        98.0
time =        99.0
 FINISHED
time =         0.0
time =         1.0
time =         2.0
time =         3.0
time =         4.0
time =         5.0
time =         6.0
time =         7.0
time =         8.0
time =         9.0
time =        10.0
time =        11.0
time =        12.0
time =        13.0
time =        14.0
time =        15.0
time =        16.0
time =        17.0
time =        18.0
time =        19.0
time =        20.0
time =        21.0
time =        22.0
time =        23.0
time =        24.0
time =        25.0
time =        26.0
time =        27.0
time =        28.0
time =        29.0
time =        30.0
time =        31.0
time =        32.0
time =        33.0
time =        34.0
time =        35.0
time =        36.0
time =        37.0
time =        38.0
time =        39.0
time =        40.0
time =        41.0
time =        42.0
time =        43.0
time =        44.0
time =        45.0
time =        46.0
time =        47.0
time =        48.0
time =        49.0
time =        50.0
time =        51.0
time =        52.0
time =        53.0
time =        54.0
time =        55.0
time =        56.0
time =        57.0
time =        58.0
time =        59.0
time =        60.0
time =        61.0
time =        62.0
time =        63.0
time =        64.0
time =        65.0
time =        66.0
time =        67.0
time =        68.0
time =        69.0
time =        70.0
time =        71.0
time =        72.0
time =        73.0
time =        74.0
time =        75.0
time =        76.0
time =        77.0
time =        78.0
time =        79.0
time =        80.0
time =        81.0
time =        82.0
time =        83.0
time =        84.0
time =        85.0
time =        86.0
time =        87.0
time =        88.0
time =        89.0
time =        90.0
time =        91.0
time =        92.0
time =        93.0
time =        94.0
time =        95.0
time =        96.0
time =        97.0
time =        98.0
time =        99.0
 FINISHED
time =         0.0
time =         1.0
time =         2.0
time =         3.0
time =         4.0
time =         5.0
time =         6.0
time =         7.0
time =         8.0
time =         9.0
time =        10.0
time =        11.0
time =        12.0
time =        13.0
time =        14.0
time =        15.0
time =        16.0
time =        17.0
time =        18.0
time =        19.0
time =        20.0
time =        21.0
time =        22.0
time =        23.0
time =        24.0
time =        25.0
time =        26.0
time =        27.0
time =        28.0
time =        29.0
time =        30.0
time =        31.0
time =        32.0
time =        33.0
time =        34.0
time =        35.0
time =        36.0
time =        37.0
time =        38.0
time =        39.0
time =        40.0
time =        41.0
time =        42.0
time =        43.0
time =        44.0
time =        45.0
time =        46.0
time =        47.0
time =        48.0
time =        49.0
time =        50.0
time =        51.0
time =        52.0
time =        53.0
time =        54.0
time =        55.0
time =        56.0
time =        57.0
time =        58.0
time =        59.0
time =        60.0
time =        61.0
time =        62.0
time =        63.0
time =        64.0
time =        65.0
time =        66.0
time =        67.0
time =        68.0
time =        69.0
time =        70.0
time =        71.0
time =        72.0
time =        73.0
time =        74.0
time =        75.0
time =        76.0
time =        77.0
time =        78.0
time =        79.0
time =        80.0
time =        81.0
time =        82.0
time =        83.0
time =        84.0
time =        85.0
time =        86.0
time =        87.0
time =        88.0
time =        89.0
time =        90.0
time =        91.0
time =        92.0
time =        93.0
time =        94.0
time =        95.0
time =        96.0
time =        97.0
time =        98.0
time =        99.0
 FINISHED
time =         0.0
time =         1.0
time =         2.0
time =         3.0
time =         4.0
time =         5.0
time =         6.0
time =         7.0
time =         8.0
time =         9.0
time =        10.0
time =        11.0
time =        12.0
time =        13.0
time =        14.0
time =        15.0
time =        16.0
time =        17.0
time =        18.0
time =        19.0
time =        20.0
time =        21.0
time =        22.0
time =        23.0
time =        24.0
time =        25.0
time =        26.0
time =        27.0
time =        28.0
time =        29.0
time =        30.0
time =        31.0
time =        32.0
time =        33.0
time =        34.0
time =        35.0
time =        36.0
time =        37.0
time =        38.0
time =        39.0
time =        40.0
time =        41.0
time =        42.0
time =        43.0
time =        44.0
time =        45.0
time =        46.0
time =        47.0
time =        48.0
time =        49.0
time =        50.0
time =        51.0
time =        52.0
time =        53.0
time =        54.0
time =        55.0
time =        56.0
time =        57.0
time =        58.0
time =        59.0
time =        60.0
time =        61.0
time =        62.0
time =        63.0
time =        64.0
time =        65.0
time =        66.0
time =        67.0
time =        68.0
time =        69.0
time =        70.0
time =        71.0
time =        72.0
time =        73.0
time =        74.0
time =        75.0
time =        76.0
time =        77.0
time =        78.0
time =        79.0
time =        80.0
time =        81.0
time =        82.0
time =        83.0
time =        84.0
time =        85.0
time =        86.0
time =        87.0
time =        88.0
time =        89.0
time =        90.0
time =        91.0
time =        92.0
time =        93.0
time =        94.0
time =        95.0
time =        96.0
time =        97.0
time =        98.0
time =        99.0
 FINISHED
time =         0.0
time =         1.0
time =         2.0
time =         3.0
time =         4.0
time =         5.0
time =         6.0
time =         7.0
time =         8.0
time =         9.0
time =        10.0
time =        11.0
time =        12.0
time =        13.0
time =        14.0
time =        15.0
time =        16.0
time =        17.0
time =        18.0
time =        19.0
time =        20.0
time =        21.0
time =        22.0
time =        23.0
time =        24.0
time =        25.0
time =        26.0
time =        27.0
time =        28.0
time =        29.0
time =        30.0
time =        31.0
time =        32.0
time =        33.0
time =        34.0
time =        35.0
time =        36.0
time =        37.0
time =        38.0
time =        39.0
time =        40.0
time =        41.0
time =        42.0
time =        43.0
time =        44.0
time =        45.0
time =        46.0
time =        47.0
time =        48.0
time =        49.0
time =        50.0
time =        51.0
time =        52.0
time =        53.0
time =        54.0
time =        55.0
time =        56.0
time =        57.0
time =        58.0
time =        59.0
time =        60.0
time =        61.0
time =        62.0
time =        63.0
time =        64.0
time =        65.0
time =        66.0
time =        67.0
time =        68.0
time =        69.0
time =        70.0
time =        71.0
time =        72.0
time =        73.0
time =        74.0
time =        75.0
time =        76.0
time =        77.0
time =        78.0
time =        79.0
time =        80.0
time =        81.0
time =        82.0
time =        83.0
time =        84.0
time =        85.0
time =        86.0
time =        87.0
time =        88.0
time =        89.0
time =        90.0
time =        91.0
time =        92.0
time =        93.0
time =        94.0
time =        95.0
time =        96.0
time =        97.0
time =        98.0
time =        99.0
 FINISHED
time =         0.0
time =         1.0
time =         2.0
time =         3.0
time =         4.0
time =         5.0
time =         6.0
time =         7.0
time =         8.0
time =         9.0
time =        10.0
time =        11.0
time =        12.0
time =        13.0
time =        14.0
time =        15.0
time =        16.0
time =        17.0
time =        18.0
time =        19.0
time =        20.0
time =        21.0
time =        22.0
time =        23.0
time =        24.0
time =        25.0
time =        26.0
time =        27.0
time =        28.0
time =        29.0
time =        30.0
time =        31.0
time =        32.0
time =        33.0
time =        34.0
time =        35.0
time =        36.0
time =        37.0
time =        38.0
time =        39.0
time =        40.0
time =        41.0
time =        42.0
time =        43.0
time =        44.0
time =        45.0
time =        46.0
time =        47.0
time =        48.0
time =        49.0
time =        50.0
time =        51.0
time =        52.0
time =        53.0
time =        54.0
time =        55.0
time =        56.0
time =        57.0
time =        58.0
time =        59.0
time =        60.0
time =        61.0
time =        62.0
time =        63.0
time =        64.0
time =        65.0
time =        66.0
time =        67.0
time =        68.0
time =        69.0
time =        70.0
time =        71.0
time =        72.0
time =        73.0
time =        74.0
time =        75.0
time =        76.0
time =        77.0
time =        78.0
time =        79.0
time =        80.0
time =        81.0
time =        82.0
time =        83.0
time =        84.0
time =        85.0
time =        86.0
time =        87.0
time =        88.0
time =        89.0
time =        90.0
time =        91.0
time =        92.0
time =        93.0
time =        94.0
time =        95.0
time =        96.0
time =        97.0
time =        98.0
time =        99.0
 FINISHED
time =         0.0
time =         1.0
time =         2.0
time =         3.0
time =         4.0
time =         5.0
time =         6.0
time =         7.0
time =         8.0
time =         9.0
time =        10.0
time =        11.0
time =        12.0
time =        13.0
time =        14.0
time =        15.0
time =        16.0
time =        17.0
time =        18.0
time =        19.0
time =        20.0
time =        21.0
time =        22.0
time =        23.0
time =        24.0
time =        25.0
time =        26.0
time =        27.0
time =        28.0
time =        29.0
time =        30.0
time =        31.0
time =        32.0
time =        33.0
time =        34.0
time =        35.0
time =        36.0
time =        37.0
time =        38.0
time =        39.0
time =        40.0
time =        41.0
time =        42.0
time =        43.0
time =        44.0
time =        45.0
time =        46.0
time =        47.0
time =        48.0
time =        49.0
time =        50.0
time =        51.0
time =        52.0
time =        53.0
time =        54.0
time =        55.0
time =        56.0
time =        57.0
time =        58.0
time =        59.0
time =        60.0
time =        61.0
time =        62.0
time =        63.0
time =        64.0
time =        65.0
time =        66.0
time =        67.0
time =        68.0
time =        69.0
time =        70.0
time =        71.0
time =        72.0
time =        73.0
time =        74.0
time =        75.0
time =        76.0
time =        77.0
time =        78.0
time =        79.0
time =        80.0
time =        81.0
time =        82.0
time =        83.0
time =        84.0
time =        85.0
time =        86.0
time =        87.0
time =        88.0
time =        89.0
time =        90.0
time =        91.0
time =        92.0
time =        93.0
time =        94.0
time =        95.0
time =        96.0
time =        97.0
time =        98.0
time =        99.0
 FINISHED
time =         0.0
time =         1.0
time =         2.0
time =         3.0
time =         4.0
time =         5.0
time =         6.0
time =         7.0
time =         8.0
time =         9.0
time =        10.0
time =        11.0
time =        12.0
time =        13.0
time =        14.0
time =        15.0
time =        16.0
time =        17.0
time =        18.0
time =        19.0
time =        20.0
time =        21.0
time =        22.0
time =        23.0
time =        24.0
time =        25.0
time =        26.0
time =        27.0
time =        28.0
time =        29.0
time =        30.0
time =        31.0
time =        32.0
time =        33.0
time =        34.0
time =        35.0
time =        36.0
time =        37.0
time =        38.0
time =        39.0
time =        40.0
time =        41.0
time =        42.0
time =        43.0
time =        44.0
time =        45.0
time =        46.0
time =        47.0
time =        48.0
time =        49.0
time =        50.0
time =        51.0
time =        52.0
time =        53.0
time =        54.0
time =        55.0
time =        56.0
time =        57.0
time =        58.0
time =        59.0
time =        60.0
time =        61.0
time =        62.0
time =        63.0
time =        64.0
time =        65.0
time =        66.0
time =        67.0
time =        68.0
time =        69.0
time =        70.0
time =        71.0
time =        72.0
time =        73.0
time =        74.0
time =        75.0
time =        76.0
time =        77.0
time =        78.0
time =        79.0
time =        80.0
time =        81.0
time =        82.0
time =        83.0
time =        84.0
time =        85.0
time =        86.0
time =        87.0
time =        88.0
time =        89.0
time =        90.0
time =        91.0
time =        92.0
time =        93.0
time =        94.0
time =        95.0
time =        96.0
time =        97.0
time =        98.0
time =        99.0
 FINISHED
time =         0.0
time =         1.0
time =         2.0
time =         3.0
time =         4.0
time =         5.0
time =         6.0
time =         7.0
time =         8.0
time =         9.0
time =        10.0
time =        11.0
time =        12.0
time =        13.0
time =        14.0
time =        15.0
time =        16.0
time =        17.0
time =        18.0
time =        19.0
time =        20.0
time =        21.0
time =        22.0
time =        23.0
time =        24.0
time =        25.0
time =        26.0
time =        27.0
time =        28.0
time =        29.0
time =        30.0
time =        31.0
time =        32.0
time =        33.0
time =        34.0
time =        35.0
time =        36.0
time =        37.0
time =        38.0
time =        39.0
time =        40.0
time =        41.0
time =        42.0
time =        43.0
time =        44.0
time =        45.0
time =        46.0
time =        47.0
time =        48.0
time =        49.0
time =        50.0
time =        51.0
time =        52.0
time =        53.0
time =        54.0
time =        55.0
time =        56.0
time =        57.0
time =        58.0
time =        59.0
time =        60.0
time =        61.0
time =        62.0
time =        63.0
time =        64.0
time =        65.0
time =        66.0
time =        67.0
time =        68.0
time =        69.0
time =        70.0
time =        71.0
time =        72.0
time =        73.0
time =        74.0
time =        75.0
time =        76.0
time =        77.0
time =        78.0
time =        79.0
time =        80.0
time =        81.0
time =        82.0
time =        83.0
time =        84.0
time =        85.0
time =        86.0
time =        87.0
time =        88.0
time =        89.0
time =        90.0
time =        91.0
time =        92.0
time =        93.0
time =        94.0
time =        95.0
time =        96.0
time =        97.0
time =        98.0
time =        99.0
 FINISHED
time =         0.0
time =         1.0
time =         2.0
time =         3.0
time =         4.0
time =         5.0
time =         6.0
time =         7.0
time =         8.0
time =         9.0
time =        10.0
time =        11.0
time =        12.0
time =        13.0
time =        14.0
time =        15.0
time =        16.0
time =        17.0
time =        18.0
time =        19.0
time =        20.0
time =        21.0
time =        22.0
time =        23.0
time =        24.0
time =        25.0
time =        26.0
time =        27.0
time =        28.0
time =        29.0
time =        30.0
time =        31.0
time =        32.0
time =        33.0
time =        34.0
time =        35.0
time =        36.0
time =        37.0
time =        38.0
time =        39.0
time =        40.0
time =        41.0
time =        42.0
time =        43.0
time =        44.0
time =        45.0
time =        46.0
time =        47.0
time =        48.0
time =        49.0
time =        50.0
time =        51.0
time =        52.0
time =        53.0
time =        54.0
time =        55.0
time =        56.0
time =        57.0
time =        58.0
time =        59.0
time =        60.0
time =        61.0
time =        62.0
time =        63.0
time =        64.0
time =        65.0
time =        66.0
time =        67.0
time =        68.0
time =        69.0
time =        70.0
time =        71.0
time =        72.0
time =        73.0
time =        74.0
time =        75.0
time =        76.0
time =        77.0
time =        78.0
time =        79.0
time =        80.0
time =        81.0
time =        82.0
time =        83.0
time =        84.0
time =        85.0
time =        86.0
time =        87.0
time =        88.0
time =        89.0
time =        90.0
time =        91.0
time =        92.0
time =        93.0
time =        94.0
time =        95.0
time =        96.0
time =        97.0
time =        98.0
time =        99.0
 FINISHED
time =         0.0
time =         1.0
time =         2.0
time =         3.0
time =         4.0
time =         5.0
time =         6.0
time =         7.0
time =         8.0
time =         9.0
time =        10.0
time =        11.0
time =        12.0
time =        13.0
time =        14.0
time =        15.0
time =        16.0
time =        17.0
time =        18.0
time =        19.0
time =        20.0
time =        21.0
time =        22.0
time =        23.0
time =        24.0
time =        25.0
time =        26.0
time =        27.0
time =        28.0
time =        29.0
time =        30.0
time =        31.0
time =        32.0
time =        33.0
time =        34.0
time =        35.0
time =        36.0
time =        37.0
time =        38.0
time =        39.0
time =        40.0
time =        41.0
time =        42.0
time =        43.0
time =        44.0
time =        45.0
time =        46.0
time =        47.0
time =        48.0
time =        49.0
time =        50.0
time =        51.0
time =        52.0
time =        53.0
time =        54.0
time =        55.0
time =        56.0
time =        57.0
time =        58.0
time =        59.0
time =        60.0
time =        61.0
time =        62.0
time =        63.0
time =        64.0
time =        65.0
time =        66.0
time =        67.0
time =        68.0
time =        69.0
time =        70.0
time =        71.0
time =        72.0
time =        73.0
time =        74.0
time =        75.0
time =        76.0
time =        77.0
time =        78.0
time =        79.0
time =        80.0
time =        81.0
time =        82.0
time =        83.0
time =        84.0
time =        85.0
time =        86.0
time =        87.0
time =        88.0
time =        89.0
time =        90.0
time =        91.0
time =        92.0
time =        93.0
time =        94.0
time =        95.0
time =        96.0
time =        97.0
time =        98.0
time =        99.0
 FINISHED
time =         0.0
time =         1.0
time =         2.0
time =         3.0
time =         4.0
time =         5.0
time =         6.0
time =         7.0
time =         8.0
time =         9.0
time =        10.0
time =        11.0
time =        12.0
time =        13.0
time =        14.0
time =        15.0
time =        16.0
time =        17.0
time =        18.0
time =        19.0
time =        20.0
time =        21.0
time =        22.0
time =        23.0
time =        24.0
time =        25.0
time =        26.0
time =        27.0
time =        28.0
time =        29.0
time =        30.0
time =        31.0
time =        32.0
time =        33.0
time =        34.0
time =        35.0
time =        36.0
time =        37.0
time =        38.0
time =        39.0
time =        40.0
time =        41.0
time =        42.0
time =        43.0
time =        44.0
time =        45.0
time =        46.0
time =        47.0
time =        48.0
time =        49.0
time =        50.0
time =        51.0
time =        52.0
time =        53.0
time =        54.0
time =        55.0
time =        56.0
time =        57.0
time =        58.0
time =        59.0
time =        60.0
time =        61.0
time =        62.0
time =        63.0
time =        64.0
time =        65.0
time =        66.0
time =        67.0
time =        68.0
time =        69.0
time =        70.0
time =        71.0
time =        72.0
time =        73.0
time =        74.0
time =        75.0
time =        76.0
time =        77.0
time =        78.0
time =        79.0
time =        80.0
time =        81.0
time =        82.0
time =        83.0
time =        84.0
time =        85.0
time =        86.0
time =        87.0
time =        88.0
time =        89.0
time =        90.0
time =        91.0
time =        92.0
time =        93.0
time =        94.0
time =        95.0
time =        96.0
time =        97.0
time =        98.0
time =        99.0
 FINISHED
time =         0.0
time =         1.0
time =         2.0
time =         3.0
time =         4.0
time =         5.0
time =         6.0
time =         7.0
time =         8.0
time =         9.0
time =        10.0
time =        11.0
time =        12.0
time =        13.0
time =        14.0
time =        15.0
time =        16.0
time =        17.0
time =        18.0
time =        19.0
time =        20.0
time =        21.0
time =        22.0
time =        23.0
time =        24.0
time =        25.0
time =        26.0
time =        27.0
time =        28.0
time =        29.0
time =        30.0
time =        31.0
time =        32.0
time =        33.0
time =        34.0
time =        35.0
time =        36.0
time =        37.0
time =        38.0
time =        39.0
time =        40.0
time =        41.0
time =        42.0
time =        43.0
time =        44.0
time =        45.0
time =        46.0
time =        47.0
time =        48.0
time =        49.0
time =        50.0
time =        51.0
time =        52.0
time =        53.0
time =        54.0
time =        55.0
time =        56.0
time =        57.0
time =        58.0
time =        59.0
time =        60.0
time =        61.0
time =        62.0
time =        63.0
time =        64.0
time =        65.0
time =        66.0
time =        67.0
time =        68.0
time =        69.0
time =        70.0
time =        71.0
time =        72.0
time =        73.0
time =        74.0
time =        75.0
time =        76.0
time =        77.0
time =        78.0
time =        79.0
time =        80.0
time =        81.0
time =        82.0
time =        83.0
time =        84.0
time =        85.0
time =        86.0
time =        87.0
time =        88.0
time =        89.0
time =        90.0
time =        91.0
time =        92.0
time =        93.0
time =        94.0
time =        95.0
time =        96.0
time =        97.0
time =        98.0
time =        99.0
 FINISHED
time =         0.0
time =         1.0
time =         2.0
time =         3.0
time =         4.0
time =         5.0
time =         6.0
time =         7.0
time =         8.0
time =         9.0
time =        10.0
time =        11.0
time =        12.0
time =        13.0
time =        14.0
time =        15.0
time =        16.0
time =        17.0
time =        18.0
time =        19.0
time =        20.0
time =        21.0
time =        22.0
time =        23.0
time =        24.0
time =        25.0
time =        26.0
time =        27.0
time =        28.0
time =        29.0
time =        30.0
time =        31.0
time =        32.0
time =        33.0
time =        34.0
time =        35.0
time =        36.0
time =        37.0
time =        38.0
time =        39.0
time =        40.0
time =        41.0
time =        42.0
time =        43.0
time =        44.0
time =        45.0
time =        46.0
time =        47.0
time =        48.0
time =        49.0
time =        50.0
time =        51.0
time =        52.0
time =        53.0
time =        54.0
time =        55.0
time =        56.0
time =        57.0
time =        58.0
time =        59.0
time =        60.0
time =        61.0
time =        62.0
time =        63.0
time =        64.0
time =        65.0
time =        66.0
time =        67.0
time =        68.0
time =        69.0
time =        70.0
time =        71.0
time =        72.0
time =        73.0
time =        74.0
time =        75.0
time =        76.0
time =        77.0
time =        78.0
time =        79.0
time =        80.0
time =        81.0
time =        82.0
time =        83.0
time =        84.0
time =        85.0
time =        86.0
time =        87.0
time =        88.0
time =        89.0
time =        90.0
time =        91.0
time =        92.0
time =        93.0
time =        94.0
time =        95.0
time =        96.0
time =        97.0
time =        98.0
time =        99.0
 FINISHED
time =         0.0
time =         1.0
time =         2.0
time =         3.0
time =         4.0
time =         5.0
time =         6.0
time =         7.0
time =         8.0
time =         9.0
time =        10.0
time =        11.0
time =        12.0
time =        13.0
time =        14.0
time =        15.0
time =        16.0
time =        17.0
time =        18.0
time =        19.0
time =        20.0
time =        21.0
time =        22.0
time =        23.0
time =        24.0
time =        25.0
time =        26.0
time =        27.0
time =        28.0
time =        29.0
time =        30.0
time =        31.0
time =        32.0
time =        33.0
time =        34.0
time =        35.0
time =        36.0
time =        37.0
time =        38.0
time =        39.0
time =        40.0
time =        41.0
time =        42.0
time =        43.0
time =        44.0
time =        45.0
time =        46.0
time =        47.0
time =        48.0
time =        49.0
time =        50.0
time =        51.0
time =        52.0
time =        53.0
time =        54.0
time =        55.0
time =        56.0
time =        57.0
time =        58.0
time =        59.0
time =        60.0
time =        61.0
time =        62.0
time =        63.0
time =        64.0
time =        65.0
time =        66.0
time =        67.0
time =        68.0
time =        69.0
time =        70.0
time =        71.0
time =        72.0
time =        73.0
time =        74.0
time =        75.0
time =        76.0
time =        77.0
time =        78.0
time =        79.0
time =        80.0
time =        81.0
time =        82.0
time =        83.0
time =        84.0
time =        85.0
time =        86.0
time =        87.0
time =        88.0
time =        89.0
time =        90.0
time =        91.0
time =        92.0
time =        93.0
time =        94.0
time =        95.0
time =        96.0
time =        97.0
time =        98.0
time =        99.0
 FINISHED
time =         0.0
time =         1.0
time =         2.0
time =         3.0
time =         4.0
time =         5.0
time =         6.0
time =         7.0
time =         8.0
time =         9.0
time =        10.0
time =        11.0
time =        12.0
time =        13.0
time =        14.0
time =        15.0
time =        16.0
time =        17.0
time =        18.0
time =        19.0
time =        20.0
time =        21.0
time =        22.0
time =        23.0
time =        24.0
time =        25.0
time =        26.0
time =        27.0
time =        28.0
time =        29.0
time =        30.0
time =        31.0
time =        32.0
time =        33.0
time =        34.0
time =        35.0
time =        36.0
time =        37.0
time =        38.0
time =        39.0
time =        40.0
time =        41.0
time =        42.0
time =        43.0
time =        44.0
time =        45.0
time =        46.0
time =        47.0
time =        48.0
time =        49.0
time =        50.0
time =        51.0
time =        52.0
time =        53.0
time =        54.0
time =        55.0
time =        56.0
time =        57.0
time =        58.0
time =        59.0
time =        60.0
time =        61.0
time =        62.0
time =        63.0
time =        64.0
time =        65.0
time =        66.0
time =        67.0
time =        68.0
time =        69.0
time =        70.0
time =        71.0
time =        72.0
time =        73.0
time =        74.0
time =        75.0
time =        76.0
time =        77.0
time =        78.0
time =        79.0
time =        80.0
time =        81.0
time =        82.0
time =        83.0
time =        84.0
time =        85.0
time =        86.0
time =        87.0
time =        88.0
time =        89.0
time =        90.0
time =        91.0
time =        92.0
time =        93.0
time =        94.0
time =        95.0
time =        96.0
time =        97.0
time =        98.0
time =        99.0
 FINISHED
time =         0.0
time =         1.0
time =         2.0
time =         3.0
time =         4.0
time =         5.0
time =         6.0
time =         7.0
time =         8.0
time =         9.0
time =        10.0
time =        11.0
time =        12.0
time =        13.0
time =        14.0
time =        15.0
time =        16.0
time =        17.0
time =        18.0
time =        19.0
time =        20.0
time =        21.0
time =        22.0
time =        23.0
time =        24.0
time =        25.0
time =        26.0
time =        27.0
time =        28.0
time =        29.0
time =        30.0
time =        31.0
time =        32.0
time =        33.0
time =        34.0
time =        35.0
time =        36.0
time =        37.0
time =        38.0
time =        39.0
time =        40.0
time =        41.0
time =        42.0
time =        43.0
time =        44.0
time =        45.0
time =        46.0
time =        47.0
time =        48.0
time =        49.0
time =        50.0
time =        51.0
time =        52.0
time =        53.0
time =        54.0
time =        55.0
time =        56.0
time =        57.0
time =        58.0
time =        59.0
time =        60.0
time =        61.0
time =        62.0
time =        63.0
time =        64.0
time =        65.0
time =        66.0
time =        67.0
time =        68.0
time =        69.0
time =        70.0
time =        71.0
time =        72.0
time =        73.0
time =        74.0
time =        75.0
time =        76.0
time =        77.0
time =        78.0
time =        79.0
time =        80.0
time =        81.0
time =        82.0
time =        83.0
time =        84.0
time =        85.0
time =        86.0
time =        87.0
time =        88.0
time =        89.0
time =        90.0
time =        91.0
time =        92.0
time =        93.0
time =        94.0
time =        95.0
time =        96.0
time =        97.0
time =        98.0
time =        99.0
 FINISHED
SOM-TOMAS Compiled in /home/students/yicongh/Experiments/x.OFR_LAMBE/models/SOM-TOMAS.DEV_TMCOND.comp.OFR_A
SOM-TOMAS Copied to Current Case.
MODEL IS RUNNING...
MODEL IS RUNNING...
MODEL IS RUNNING...
MODEL IS RUNNING...
MODEL IS RUNNING...
MODEL IS RUNNING...
MODEL IS RUNNING...
MODEL IS RUNNING...
MODEL IS RUNNING...
MODEL IS RUNNING...
MODEL IS RUNNING...
MODEL IS RUNNING...
MODEL IS RUNNING...
MODEL IS RUNNING...
MODEL IS RUNNING...
MODEL IS RUNNING...
MODEL IS RUNNING...
xx = 5.54e+00
ended at Sat Jun 26 20:23:45 MDT 2021
